Build started 5/19/2015 11:34:49.
     1>Project "F:\tai lieu\hoc lieu\third year\semeter II\computer graphic\project\Bi-a\Bi-a\bi-a\bi-a\bi-a.vcxproj" on node 2 (Build target(s)).
     1>ClCompile:
         E:\visual studio 2013\VC\bin\CL.exe /c /I"F:\tai lieu\hoc lieu\third year\semeter II\computer graphic\project\Bi-a\Bi-a\bi-a\/Libraries/include" /ZI /nologo /W3 /WX- /sdl /Od /Oy- /D _MBCS /Gm /EHsc /RTC1 /MDd /GS /fp:precise /Zc:wchar_t /Zc:forScope /Fo"Debug\\" /Fd"Debug\vc120.pdb" /Gd /TP /analyze- /errorReport:prompt main3.cpp
         main3.cpp
     1>f:\tai lieu\hoc lieu\third year\semeter ii\computer graphic\project\bi-a\bi-a\bi-a\libraries\include\gl\glu.h(33): warning C4068: unknown pragma
     1>c:\program files (x86)\windows kits\8.1\include\shared\minwindef.h(130): warning C4005: 'APIENTRY' : macro redefinition
                 f:\tai lieu\hoc lieu\third year\semeter ii\computer graphic\project\bi-a\bi-a\bi-a\libraries\include\glfw\glfw3.h(85) : see previous definition of 'APIENTRY'
     1>f:\tai lieu\hoc lieu\third year\semeter ii\computer graphic\project\bi-a\bi-a\bi-a\bi-a\main3.cpp(206): warning C4244: '=' : conversion from 'double' to 'GLfloat', possible loss of data
     1>f:\tai lieu\hoc lieu\third year\semeter ii\computer graphic\project\bi-a\bi-a\bi-a\bi-a\main3.cpp(207): warning C4244: '=' : conversion from 'double' to 'GLfloat', possible loss of data
     1>f:\tai lieu\hoc lieu\third year\semeter ii\computer graphic\project\bi-a\bi-a\bi-a\bi-a\main3.cpp(211): warning C4244: 'initializing' : conversion from 'double' to 'GLfloat', possible loss of data
     1>f:\tai lieu\hoc lieu\third year\semeter ii\computer graphic\project\bi-a\bi-a\bi-a\bi-a\main3.cpp(212): warning C4244: 'initializing' : conversion from 'double' to 'GLfloat', possible loss of data
     1>f:\tai lieu\hoc lieu\third year\semeter ii\computer graphic\project\bi-a\bi-a\bi-a\bi-a\main3.cpp(214): warning C4244: '=' : conversion from 'double' to 'GLfloat', possible loss of data
     1>f:\tai lieu\hoc lieu\third year\semeter ii\computer graphic\project\bi-a\bi-a\bi-a\bi-a\main3.cpp(215): warning C4244: '=' : conversion from 'double' to 'GLfloat', possible loss of data
     1>f:\tai lieu\hoc lieu\third year\semeter ii\computer graphic\project\bi-a\bi-a\bi-a\bi-a\main3.cpp(222): warning C4244: 'argument' : conversion from 'double' to 'GLfloat', possible loss of data
         GLM: perspective function taking degrees as a parameter is deprecated. #define GLM_FORCE_RADIANS before including GLM headers to remove this message.
       Link:
         E:\visual studio 2013\VC\bin\link.exe /ERRORREPORT:PROMPT /OUT:"F:\tai lieu\hoc lieu\third year\semeter II\computer graphic\project\Bi-a\Bi-a\bi-a\Debug\bi-a.exe" /INCREMENTAL /NOLOGO /LIBPATH:"F:\tai lieu\hoc lieu\third year\semeter II\computer graphic\project\Bi-a\Bi-a\bi-a\/Libraries/lib" opengl32.lib glu32.lib glut32.lib glew32s.lib glew32mx.lib devil.lib ilu.lib ilut.lib assimp.lib SOIL.lib glfw3dll.lib kernel32.lib user32.lib gdi32.lib winspool.lib comdlg32.lib advapi32.lib shell32.lib ole32.lib oleaut32.lib uuid.lib odbc32.lib odbccp32.lib /MANIFEST /MANIFESTUAC:"level='asInvoker' uiAccess='false'" /manifest:embed /DEBUG /PDB:"F:\tai lieu\hoc lieu\third year\semeter II\computer graphic\project\Bi-a\Bi-a\bi-a\Debug\bi-a.pdb" /TLBID:1 /DYNAMICBASE /NXCOMPAT /IMPLIB:"F:\tai lieu\hoc lieu\third year\semeter II\computer graphic\project\Bi-a\Bi-a\bi-a\Debug\bi-a.lib" /MACHINE:X86 "Debug\bi-a.res"
         Debug\camera.obj
         Debug\main3.obj
         Debug\mesh.obj
         Debug\model.obj
         Debug\scene.obj
         Debug\shader.obj
         Debug\tutorial.obj
         Debug\utility.obj
     1>LINK : warning LNK4098: defaultlib 'LIBCMT' conflicts with use of other libs; use /NODEFAULTLIB:library
     1>mesh.obj : warning LNK4049: locally defined symbol ___glewActiveTexture imported
     1>mesh.obj : warning LNK4049: locally defined symbol ___glewBindBuffer imported
     1>tutorial.obj : warning LNK4049: locally defined symbol ___glewBindBuffer imported
     1>mesh.obj : warning LNK4049: locally defined symbol ___glewBufferData imported
     1>tutorial.obj : warning LNK4049: locally defined symbol ___glewBufferData imported
     1>mesh.obj : warning LNK4049: locally defined symbol ___glewGenBuffers imported
     1>tutorial.obj : warning LNK4049: locally defined symbol ___glewGenBuffers imported
     1>mesh.obj : warning LNK4049: locally defined symbol ___glewEnableVertexAttribArray imported
     1>tutorial.obj : warning LNK4049: locally defined symbol ___glewEnableVertexAttribArray imported
     1>mesh.obj : warning LNK4049: locally defined symbol ___glewGetUniformLocation imported
     1>mesh.obj : warning LNK4049: locally defined symbol ___glewUniform1f imported
     1>mesh.obj : warning LNK4049: locally defined symbol ___glewVertexAttribPointer imported
     1>tutorial.obj : warning LNK4049: locally defined symbol ___glewVertexAttribPointer imported
     1>mesh.obj : warning LNK4049: locally defined symbol ___glewBindVertexArray imported
     1>tutorial.obj : warning LNK4049: locally defined symbol ___glewBindVertexArray imported
     1>mesh.obj : warning LNK4049: locally defined symbol ___glewGenVertexArrays imported
     1>tutorial.obj : warning LNK4049: locally defined symbol ___glewGenVertexArrays imported
     1>model.obj : warning LNK4049: locally defined symbol ___glewGenerateMipmap imported
     1>shader.obj : warning LNK4049: locally defined symbol ___glewAttachShader imported
     1>tutorial.obj : warning LNK4049: locally defined symbol ___glewAttachShader imported
     1>shader.obj : warning LNK4049: locally defined symbol ___glewCompileShader imported
     1>tutorial.obj : warning LNK4049: locally defined symbol ___glewCompileShader imported
     1>shader.obj : warning LNK4049: locally defined symbol ___glewCreateProgram imported
     1>tutorial.obj : warning LNK4049: locally defined symbol ___glewCreateProgram imported
     1>shader.obj : warning LNK4049: locally defined symbol ___glewCreateShader imported
     1>tutorial.obj : warning LNK4049: locally defined symbol ___glewCreateShader imported
     1>shader.obj : warning LNK4049: locally defined symbol ___glewDeleteShader imported
     1>tutorial.obj : warning LNK4049: locally defined symbol ___glewDeleteShader imported
     1>shader.obj : warning LNK4049: locally defined symbol ___glewGetProgramInfoLog imported
     1>tutorial.obj : warning LNK4049: locally defined symbol ___glewGetProgramInfoLog imported
     1>shader.obj : warning LNK4049: locally defined symbol ___glewGetProgramiv imported
     1>tutorial.obj : warning LNK4049: locally defined symbol ___glewGetProgramiv imported
     1>shader.obj : warning LNK4049: locally defined symbol ___glewGetShaderInfoLog imported
     1>tutorial.obj : warning LNK4049: locally defined symbol ___glewGetShaderInfoLog imported
     1>shader.obj : warning LNK4049: locally defined symbol ___glewGetShaderiv imported
     1>tutorial.obj : warning LNK4049: locally defined symbol ___glewGetShaderiv imported
     1>shader.obj : warning LNK4049: locally defined symbol ___glewLinkProgram imported
     1>tutorial.obj : warning LNK4049: locally defined symbol ___glewLinkProgram imported
     1>shader.obj : warning LNK4049: locally defined symbol ___glewShaderSource imported
     1>tutorial.obj : warning LNK4049: locally defined symbol ___glewShaderSource imported
     1>shader.obj : warning LNK4049: locally defined symbol ___glewUseProgram imported
     1>tutorial.obj : warning LNK4049: locally defined symbol ___glewUseProgram imported
     1>glew32s.lib(glew.obj) : warning LNK4099: PDB 'vc100.pdb' was not found with 'glew32s.lib(glew.obj)' or at 'F:\tai lieu\hoc lieu\third year\semeter II\computer graphic\project\Bi-a\Bi-a\bi-a\Debug\vc100.pdb'; linking object as if no debug info
         bi-a.vcxproj -> F:\tai lieu\hoc lieu\third year\semeter II\computer graphic\project\Bi-a\Bi-a\bi-a\Debug\bi-a.exe
     1>Done Building Project "F:\tai lieu\hoc lieu\third year\semeter II\computer graphic\project\Bi-a\Bi-a\bi-a\bi-a\bi-a.vcxproj" (Build target(s)).

Build succeeded.

Time Elapsed 00:00:03.30
