e:\!1nam\bi-a\bi-a\bi-a\debug\vc120.pdb
e:\!1nam\bi-a\bi-a\bi-a\debug\vc120.idb
e:\!1nam\bi-a\bi-a\bi-a\debug\camera.obj
e:\!1nam\bi-a\bi-a\bi-a\debug\main3.obj
e:\!1nam\bi-a\bi-a\bi-a\debug\mesh.obj
e:\!1nam\bi-a\bi-a\bi-a\debug\model.obj
e:\!1nam\bi-a\bi-a\bi-a\debug\scene.obj
e:\!1nam\bi-a\bi-a\bi-a\debug\shader.obj
e:\!1nam\bi-a\bi-a\bi-a\debug\tutorial.obj
e:\!1nam\bi-a\bi-a\bi-a\debug\utility.obj
e:\!1nam\bi-a\bi-a\debug\bi-a.ilk
e:\!1nam\bi-a\bi-a\debug\bi-a.exe
e:\!1nam\bi-a\bi-a\debug\bi-a.pdb
e:\!1nam\bi-a\bi-a\bi-a\debug\bi-a.res
e:\!1nam\bi-a\bi-a\bi-a\debug\bi-a.tlog\cl.command.1.tlog
e:\!1nam\bi-a\bi-a\bi-a\debug\bi-a.tlog\cl.read.1.tlog
e:\!1nam\bi-a\bi-a\bi-a\debug\bi-a.tlog\cl.write.1.tlog
e:\!1nam\bi-a\bi-a\bi-a\debug\bi-a.tlog\link.command.1.tlog
e:\!1nam\bi-a\bi-a\bi-a\debug\bi-a.tlog\link.read.1.tlog
e:\!1nam\bi-a\bi-a\bi-a\debug\bi-a.tlog\link.write.1.tlog
e:\!1nam\bi-a\bi-a\bi-a\debug\bi-a.tlog\rc.command.1.tlog
e:\!1nam\bi-a\bi-a\bi-a\debug\bi-a.tlog\rc.read.1.tlog
e:\!1nam\bi-a\bi-a\bi-a\debug\bi-a.tlog\rc.write.1.tlog
